# JRE version: OpenJDK Runtime Environment (8.0_152-b02) (build 1.8.0_152-release-1024-b02)
# Java VM: OpenJDK 64-Bit Server VM (25.152-b02 mixed mode windows-amd64 compressed oops)
Heap:
 PSYoungGen      total 111104K, used 75891K [0x00000000eab00000, 0x00000000f3d80000, 0x0000000100000000)
  eden space 98816K, 64% used [0x00000000eab00000,0x00000000ee9376e8,0x00000000f0b80000)
  from space 12288K, 99% used [0x00000000f0b80000,0x00000000f17655e0,0x00000000f1780000)
  to   space 13824K, 0% used [0x00000000f3000000,0x00000000f3000000,0x00000000f3d80000)
 ParOldGen       total 97792K, used 15296K [0x00000000c0000000, 0x00000000c5f80000, 0x00000000eab00000)
  object space 97792K, 15% used [0x00000000c0000000,0x00000000c0ef0240,0x00000000c5f80000)
 Metaspace       used 50509K, capacity 51722K, committed 51928K, reserved 1093632K
  class space    used 6751K, capacity 7114K, committed 7168K, reserved 1048576K
GC Heap History (10 events):
Event: 4.123 GC heap before
{Heap before GC invocations=9 (full 1):
 PSYoungGen      total 70656K, used 68307K [0x00000000eab00000, 0x00000000f0e80000, 0x0000000100000000)
  eden space 60416K, 100% used [0x00000000eab00000,0x00000000ee600000,0x00000000ee600000)
  from space 10240K, 77% used [0x00000000ee600000,0x00000000eedb4cb0,0x00000000ef000000)
  to   space 10752K, 0% used [0x00000000f0400000,0x00000000f0400000,0x00000000f0e80000)
 ParOldGen       total 64000K, used 8368K [0x00000000c0000000, 0x00000000c3e80000, 0x00000000eab00000)
  object space 64000K, 13% used [0x00000000c0000000,0x00000000c082c318,0x00000000c3e80000)
 Metaspace       used 32845K, capacity 33680K, committed 33792K, reserved 1079296K
  class space    used 4538K, capacity 4799K, committed 4864K, reserved 1048576K
Event: 4.131 GC heap after
Heap after GC invocations=9 (full 1):
 PSYoungGen      total 89600K, used 10747K [0x00000000eab00000, 0x00000000f1c80000, 0x0000000100000000)
  eden space 78848K, 0% used [0x00000000eab00000,0x00000000eab00000,0x00000000ef800000)
  from space 10752K, 99% used [0x00000000f0400000,0x00000000f0e7ec00,0x00000000f0e80000)
  to   space 12288K, 0% used [0x00000000ef800000,0x00000000ef800000,0x00000000f0400000)
 ParOldGen       total 64000K, used 9531K [0x00000000c0000000, 0x00000000c3e80000, 0x00000000eab00000)
  object space 64000K, 14% used [0x00000000c0000000,0x00000000c094ed70,0x00000000c3e80000)
 Metaspace       used 32845K, capacity 33680K, committed 33792K, reserved 1079296K
  class space    used 4538K, capacity 4799K, committed 4864K, reserved 1048576K
}
Event: 4.267 GC heap before
{Heap before GC invocations=10 (full 1):
 PSYoungGen      total 89600K, used 16698K [0x00000000eab00000, 0x00000000f1c80000, 0x0000000100000000)
  eden space 78848K, 7% used [0x00000000eab00000,0x00000000eb0cfd78,0x00000000ef800000)
  from space 10752K, 99% used [0x00000000f0400000,0x00000000f0e7ec00,0x00000000f0e80000)
  to   space 12288K, 0% used [0x00000000ef800000,0x00000000ef800000,0x00000000f0400000)
 ParOldGen       total 64000K, used 9531K [0x00000000c0000000, 0x00000000c3e80000, 0x00000000eab00000)
  object space 64000K, 14% used [0x00000000c0000000,0x00000000c094ed70,0x00000000c3e80000)
 Metaspace       used 34554K, capacity 35344K, committed 35416K, reserved 1079296K
  class space    used 4715K, capacity 4991K, committed 4992K, reserved 1048576K
Event: 4.271 GC heap after
Heap after GC invocations=10 (full 1):
 PSYoungGen      total 91136K, used 6463K [0x00000000eab00000, 0x00000000f2b80000, 0x0000000100000000)
  eden space 78848K, 0% used [0x00000000eab00000,0x00000000eab00000,0x00000000ef800000)
  from space 12288K, 52% used [0x00000000ef800000,0x00000000efe4ff08,0x00000000f0400000)
  to   space 12288K, 0% used [0x00000000f1f80000,0x00000000f1f80000,0x00000000f2b80000)
 ParOldGen       total 64000K, used 11787K [0x00000000c0000000, 0x00000000c3e80000, 0x00000000eab00000)
  object space 64000K, 18% used [0x00000000c0000000,0x00000000c0b82c70,0x00000000c3e80000)
 Metaspace       used 34554K, capacity 35344K, committed 35416K, reserved 1079296K
  class space    used 4715K, capacity 4991K, committed 4992K, reserved 1048576K
}
Event: 4.271 GC heap before
{Heap before GC invocations=11 (full 2):
 PSYoungGen      total 91136K, used 6463K [0x00000000eab00000, 0x00000000f2b80000, 0x0000000100000000)
  eden space 78848K, 0% used [0x00000000eab00000,0x00000000eab00000,0x00000000ef800000)
  from space 12288K, 52% used [0x00000000ef800000,0x00000000efe4ff08,0x00000000f0400000)
  to   space 12288K, 0% used [0x00000000f1f80000,0x00000000f1f80000,0x00000000f2b80000)
 ParOldGen       total 64000K, used 11787K [0x00000000c0000000, 0x00000000c3e80000, 0x00000000eab00000)
  object space 64000K, 18% used [0x00000000c0000000,0x00000000c0b82c70,0x00000000c3e80000)
 Metaspace       used 34554K, capacity 35344K, committed 35416K, reserved 1079296K
  class space    used 4715K, capacity 4991K, committed 4992K, reserved 1048576K
Event: 4.331 GC heap after
Heap after GC invocations=11 (full 2):
 PSYoungGen      total 91136K, used 0K [0x00000000eab00000, 0x00000000f2b80000, 0x0000000100000000)
  eden space 78848K, 0% used [0x00000000eab00000,0x00000000eab00000,0x00000000ef800000)
  from space 12288K, 0% used [0x00000000ef800000,0x00000000ef800000,0x00000000f0400000)
  to   space 12288K, 0% used [0x00000000f1f80000,0x00000000f1f80000,0x00000000f2b80000)
 ParOldGen       total 97792K, used 15280K [0x00000000c0000000, 0x00000000c5f80000, 0x00000000eab00000)
  object space 97792K, 15% used [0x00000000c0000000,0x00000000c0eec240,0x00000000c5f80000)
 Metaspace       used 34535K, capacity 35320K, committed 35416K, reserved 1079296K
  class space    used 4708K, capacity 4983K, committed 4992K, reserved 1048576K
}
Event: 5.290 GC heap before
{Heap before GC invocations=12 (full 2):
 PSYoungGen      total 91136K, used 78848K [0x00000000eab00000, 0x00000000f2b80000, 0x0000000100000000)
  eden space 78848K, 100% used [0x00000000eab00000,0x00000000ef800000,0x00000000ef800000)
  from space 12288K, 0% used [0x00000000ef800000,0x00000000ef800000,0x00000000f0400000)
  to   space 12288K, 0% used [0x00000000f1f80000,0x00000000f1f80000,0x00000000f2b80000)
 ParOldGen       total 97792K, used 15280K [0x00000000c0000000, 0x00000000c5f80000, 0x00000000eab00000)
  object space 97792K, 15% used [0x00000000c0000000,0x00000000c0eec240,0x00000000c5f80000)
 Metaspace       used 35347K, capacity 36138K, committed 36312K, reserved 1081344K
  class space    used 4752K, capacity 5020K, committed 5120K, reserved 1048576K
Event: 5.292 GC heap after
Heap after GC invocations=12 (full 2):
 PSYoungGen      total 102912K, used 1762K [0x00000000eab00000, 0x00000000f2380000, 0x0000000100000000)
  eden space 98816K, 0% used [0x00000000eab00000,0x00000000eab00000,0x00000000f0b80000)
  from space 4096K, 43% used [0x00000000f1f80000,0x00000000f2138b60,0x00000000f2380000)
  to   space 12288K, 0% used [0x00000000f0b80000,0x00000000f0b80000,0x00000000f1780000)
 ParOldGen       total 97792K, used 15288K [0x00000000c0000000, 0x00000000c5f80000, 0x00000000eab00000)
  object space 97792K, 15% used [0x00000000c0000000,0x00000000c0eee240,0x00000000c5f80000)
 Metaspace       used 35347K, capacity 36138K, committed 36312K, reserved 1081344K
  class space    used 4752K, capacity 5020K, committed 5120K, reserved 1048576K
}
Event: 6.226 GC heap before
{Heap before GC invocations=13 (full 2):
 PSYoungGen      total 102912K, used 100578K [0x00000000eab00000, 0x00000000f2380000, 0x0000000100000000)
  eden space 98816K, 100% used [0x00000000eab00000,0x00000000f0b80000,0x00000000f0b80000)
  from space 4096K, 43% used [0x00000000f1f80000,0x00000000f2138b60,0x00000000f2380000)
  to   space 12288K, 0% used [0x00000000f0b80000,0x00000000f0b80000,0x00000000f1780000)
 ParOldGen       total 97792K, used 15288K [0x00000000c0000000, 0x00000000c5f80000, 0x00000000eab00000)
  object space 97792K, 15% used [0x00000000c0000000,0x00000000c0eee240,0x00000000c5f80000)
 Metaspace       used 43949K, capacity 44994K, committed 45272K, reserved 1089536K
  class space    used 5829K, capacity 6141K, committed 6144K, reserved 1048576K
Event: 6.236 GC heap after
Heap after GC invocations=13 (full 2):
 PSYoungGen      total 111104K, used 12181K [0x00000000eab00000, 0x00000000f3d80000, 0x0000000100000000)
  eden space 98816K, 0% used [0x00000000eab00000,0x00000000eab00000,0x00000000f0b80000)
  from space 12288K, 99% used [0x00000000f0b80000,0x00000000f17655e0,0x00000000f1780000)
  to   space 13824K, 0% used [0x00000000f3000000,0x00000000f3000000,0x00000000f3d80000)
 ParOldGen       total 97792K, used 15296K [0x00000000c0000000, 0x00000000c5f80000, 0x00000000eab00000)
  object space 97792K, 15% used [0x00000000c0000000,0x00000000c0ef0240,0x00000000c5f80000)
 Metaspace       used 43949K, capacity 44994K, committed 45272K, reserved 1089536K
  class space    used 5829K, capacity 6141K, committed 6144K, reserved 1048576K
}

